{
  "stats": {
    "suites": 1,
    "tests": 8,
    "passes": 8,
    "pending": 0,
    "failures": 0,
    "start": "2020-11-17T19:53:24.086Z",
    "end": "2020-11-17T19:53:42.373Z",
    "duration": 18287,
    "testsRegistered": 8,
    "passPercent": 100,
    "pendingPercent": 0,
    "other": 0,
    "hasOther": false,
    "skipped": 0,
    "hasSkipped": false
  },
  "results": [
    {
      "uuid": "38c76fd5-1cfb-408b-9fea-280dd6f6d42a",
      "title": "",
      "fullFile": "",
      "file": "",
      "beforeHooks": [],
      "afterHooks": [],
      "tests": [],
      "suites": [
        {
          "uuid": "55e3f301-6155-49a9-8ac4-c67678e9ade7",
          "title": "exam",
          "fullFile": "C:\\Users\\Vladimir\\Desktop\\exam\\exam.js",
          "file": "\\exam.js",
          "beforeHooks": [
            {
              "title": "\"before all\" hook in \"exam\"",
              "fullTitle": "exam \"before all\" hook in \"exam\"",
              "timedOut": false,
              "duration": 5002,
              "state": null,
              "speed": null,
              "pass": false,
              "fail": false,
              "pending": false,
              "context": null,
              "code": "this.timeout(20000);\nawait driver.get(url);",
              "err": {},
              "uuid": "ee86d883-06d0-46c0-8e5c-66a06988259e",
              "parentUUID": "55e3f301-6155-49a9-8ac4-c67678e9ade7",
              "isHook": true,
              "skipped": false
            }
          ],
          "afterHooks": [
            {
              "title": "\"after all\" hook in \"exam\"",
              "fullTitle": "exam \"after all\" hook in \"exam\"",
              "timedOut": false,
              "duration": 43,
              "state": null,
              "speed": null,
              "pass": false,
              "fail": false,
              "pending": false,
              "context": null,
              "code": "this.timeout(20000);\nawait driver.quit();",
              "err": {},
              "uuid": "68a8361a-a1fa-4a9f-86cd-297621cb00b3",
              "parentUUID": "55e3f301-6155-49a9-8ac4-c67678e9ade7",
              "isHook": true,
              "skipped": false
            }
          ],
          "tests": [
            {
              "title": "login",
              "fullTitle": "exam login",
              "timedOut": false,
              "duration": 492,
              "state": "passed",
              "speed": "slow",
              "pass": true,
              "fail": false,
              "pending": false,
              "context": null,
              "code": "this.timeout(20000);\nawait driver.wait(until.elementLocated(By.css(\"div.text-center a.btn-secondary\")), 10000).click();\nawait driver.wait(until.elementLocated(By.css(\"input[type='email']\")), 50000).sendKeys(email);\nawait driver.wait(until.elementLocated(By.css(\"input[type='password']\")), 50000).sendKeys(password);\nawait driver.wait(until.elementLocated(By.css(\"form button\")), 50000).click();",
              "err": {},
              "uuid": "fa61c160-ca6c-4049-ad8b-10ac74b1812b",
              "parentUUID": "55e3f301-6155-49a9-8ac4-c67678e9ade7",
              "isHook": false,
              "skipped": false
            },
            {
              "title": "go to playground",
              "fullTitle": "exam go to playground",
              "timedOut": false,
              "duration": 761,
              "state": "passed",
              "speed": "slow",
              "pass": true,
              "fail": false,
              "pending": false,
              "context": null,
              "code": "this.timeout(20000);\nawait driver.wait(until.elementLocated(By.css(\"div.row .col-sm-3.pb-2:nth-of-type(3)\")), 50000).click();",
              "err": {},
              "uuid": "cabdcd48-0a30-4f3a-8a96-236a5e4e0e2e",
              "parentUUID": "55e3f301-6155-49a9-8ac4-c67678e9ade7",
              "isHook": false,
              "skipped": false
            },
            {
              "title": "create technologies",
              "fullTitle": "exam create technologies",
              "timedOut": false,
              "duration": 1826,
              "state": "passed",
              "speed": "slow",
              "pass": true,
              "fail": false,
              "pending": false,
              "context": null,
              "code": "this.timeout(20000);\nfor(let i=0; i<technologies.length; i++){\n\tawait driver.wait(until.elementLocated(By.css(\"div.row #test4\")), 10000).click();\n\tawait driver.findElement(By.css(\"div.container>a:nth-of-type(2)\")).click();\n\tawait driver.findElement(By.css(\"input[type='text']\")).sendKeys(technologies[i]);\n\tawait driver.findElement(By.css(\"button[type='submit']\")).click();\n}",
              "err": {},
              "uuid": "137c0a15-2fdb-40fe-b05c-3936b8a4e682",
              "parentUUID": "55e3f301-6155-49a9-8ac4-c67678e9ade7",
              "isHook": false,
              "skipped": false
            },
            {
              "title": "create seniorities",
              "fullTitle": "exam create seniorities",
              "timedOut": false,
              "duration": 1566,
              "state": "passed",
              "speed": "slow",
              "pass": true,
              "fail": false,
              "pending": false,
              "context": null,
              "code": "this.timeout(20000);\nfor(let i=0; i<seniority.length; i++){\n\tawait driver.wait(until.elementLocated(By.css(\"div.row #test3\")), 10000).click();\n\tawait driver.findElement(By.css(\"div.container>a:nth-of-type(2)\")).click();\n\tawait driver.findElement(By.css(\"input[type='text']\")).sendKeys(seniority[i]);\n\tawait driver.findElement(By.css(\"button[type='submit']\")).click();\n}",
              "err": {},
              "uuid": "d0fa1fed-95a3-46dc-b388-f78423e08020",
              "parentUUID": "55e3f301-6155-49a9-8ac4-c67678e9ade7",
              "isHook": false,
              "skipped": false
            },
            {
              "title": "create teams",
              "fullTitle": "exam create teams",
              "timedOut": false,
              "duration": 1408,
              "state": "passed",
              "speed": "slow",
              "pass": true,
              "fail": false,
              "pending": false,
              "context": null,
              "code": "this.timeout(20000);\nfor(let i=0; i<teams.length; i++){\n\tawait driver.wait(until.elementLocated(By.css(\"div.row #test1\")), 10000).click();\n\tawait driver.findElement(By.css(\"div.container>a:nth-of-type(2)\")).click();\n\tawait driver.findElement(By.css(\"input[type='text']\")).sendKeys(teams[i]);\n\tawait driver.findElement(By.css(\"button[type='submit']\")).click();\n}",
              "err": {},
              "uuid": "25406dd7-2e8d-4127-863d-8b88140043d9",
              "parentUUID": "55e3f301-6155-49a9-8ac4-c67678e9ade7",
              "isHook": false,
              "skipped": false
            },
            {
              "title": "create people",
              "fullTitle": "exam create people",
              "timedOut": false,
              "duration": 5077,
              "state": "passed",
              "speed": "slow",
              "pass": true,
              "fail": false,
              "pending": false,
              "context": null,
              "code": "this.timeout(20000);\nfor(let i=0; i<persons.length; i++){\n\tawait driver.wait(until.elementLocated(By.css(\"div.row #test2\")), 10000).click();\n\tawait driver.findElement(By.css(\"div.container>a:nth-of-type(2)\")).click();\n\tlet inputName = await driver.findElement(By.css(\"form input[type='text']\"));\n\tinputName.sendKeys(persons[i]);\n\tawait driver.findElement(By.css(\"form div.pb-3:nth-of-type(2)\")).click();\n\tlet inputValue = await inputName.getAttribute(\"value\");\n\tif(inputValue == persons[0]){\n\t\tconsole.log(inputName.getAttribute(\"value\"));\n\t\tawait driver.wait(until.elementLocated(By.xpath(`//*[text()='${technologies[0]}']`)), 5000).click();\n\t\tawait driver.findElement(By.css(\"form div.pb-3:nth-of-type(2) div>svg\")).click();\n\t\tawait driver.findElement(By.css(\"form div.pb-3:nth-of-type(3)\")).click();\n\t\tawait driver.wait(until.elementLocated(By.xpath(`//*[text()='${seniority[0]}']`)), 5000).click();\n\t\tawait driver.findElement(By.css(\"form div.pb-3:nth-of-type(4)\")).click();\n\t\tawait driver.wait(until.elementLocated(By.xpath(`//*[text()='${teams[0]}']`)), 5000).click();\n\t\tawait driver.findElement(By.css(\"button[type='submit']\")).click();\n\t} else if (inputValue == persons[1]){\n\t\tawait driver.wait(until.elementLocated(By.xpath(`//*[text()='${technologies[0]}']`)), 5000).click();\n\t\tawait driver.findElement(By.css(\"form div.pb-3:nth-of-type(2) div>svg\")).click();\n\t\tawait driver.findElement(By.css(\"form div.pb-3:nth-of-type(3)\")).click();\n\t\tawait driver.findElement(By.xpath(`//*[text()='${seniority[2]}']`)).click();\n\t\tawait driver.findElement(By.css(\"form div.pb-3:nth-of-type(4)\")).click();\n\t\tawait driver.findElement(By.xpath(`//*[text()='${teams[0]}']`)).click();\n\t\tawait driver.findElement(By.css(\"button[type='submit']\")).click();\n\t} else if (inputValue == persons[2]){\n\t\tawait driver.wait(until.elementLocated(By.xpath(`//*[text()='${technologies[1]}']`)), 5000).click();\n\t\tawait driver.findElement(By.css(\"form div.pb-3:nth-of-type(2) div>svg\")).click();\n\t\tawait driver.findElement(By.css(\"form div.pb-3:nth-of-type(3)\")).click();\n\t\tawait driver.findElement(By.xpath(`//*[text()='${seniority[1]}']`)).click();\n\t\tawait driver.findElement(By.css(\"form div.pb-3:nth-of-type(4)\")).click();\n\t\tawait driver.findElement(By.xpath(`//*[text()='${teams[0]}']`)).click();\n\t\tawait driver.findElement(By.css(\"button[type='submit']\")).click();\n\t} else if (inputValue == persons[3]){\n\t\tawait driver.wait(until.elementLocated(By.xpath(`//*[text()='${technologies[2]}']`)), 5000).click();\n\t\tawait driver.findElement(By.css(\"form div.pb-3:nth-of-type(2) div>svg\")).click();\n\t\tawait driver.findElement(By.css(\"form div.pb-3:nth-of-type(3)\")).click();\n\t\tawait driver.findElement(By.xpath(`//*[text()='${seniority[1]}']`)).click();\n\t\tawait driver.findElement(By.css(\"form div.pb-3:nth-of-type(4)\")).click();\n\t\tawait driver.findElement(By.xpath(`//*[text()='${teams[1]}']`)).click();\n\t\tawait driver.findElement(By.css(\"button[type='submit']\")).click();\n\t} else {\n\t\tawait driver.wait(until.elementLocated(By.xpath(`//*[text()='${technologies[3]}']`)), 5000).click();\n\t\tawait driver.findElement(By.css(\"form div.pb-3:nth-of-type(2) div>svg\")).click();\n\t\tawait driver.findElement(By.css(\"form div.pb-3:nth-of-type(3)\")).click();\n\t\tawait driver.findElement(By.xpath(`//*[text()='${seniority[2]}']`)).click();\n\t\tawait driver.findElement(By.css(\"form div.pb-3:nth-of-type(4)\")).click();\n\t\tawait driver.findElement(By.xpath(`//*[text()='${teams[2]}']`)).click();\n\t\tawait driver.findElement(By.css(\"button[type='submit']\")).click();\n\t}\n}",
              "err": {},
              "uuid": "e6be8aae-eac4-4229-92f4-88b1c98bed4e",
              "parentUUID": "55e3f301-6155-49a9-8ac4-c67678e9ade7",
              "isHook": false,
              "skipped": false
            },
            {
              "title": "create project",
              "fullTitle": "exam create project",
              "timedOut": false,
              "duration": 942,
              "state": "passed",
              "speed": "slow",
              "pass": true,
              "fail": false,
              "pending": false,
              "context": null,
              "code": "this.timeout(20000);\nawait driver.wait(until.elementLocated(By.css(\"div.row #test0\")), 5000).click();\nawait driver.findElement(By.css(\"div.container>a:nth-of-type(2)\")).click();\nawait driver.findElement(By.css(\"input[type='text']\")).sendKeys(`${projectName[0]}`);\nawait driver.findElement(By.css(\"form div.pb-3\")).click();\nfor(let i=0; i<persons.length; i++){\n\tawait driver.findElement(By.xpath(`//*[text()='${persons[i]}']`)).click();\n}\nawait driver.findElement(By.css(\"button[type='submit']\")).click();",
              "err": {},
              "uuid": "b4daa496-42d9-44ab-a8a2-9b9a26b09fca",
              "parentUUID": "55e3f301-6155-49a9-8ac4-c67678e9ade7",
              "isHook": false,
              "skipped": false
            },
            {
              "title": "edit project",
              "fullTitle": "exam edit project",
              "timedOut": false,
              "duration": 1147,
              "state": "passed",
              "speed": "slow",
              "pass": true,
              "fail": false,
              "pending": false,
              "context": null,
              "code": "this.timeout(20000);\nawait driver.wait(until.elementLocated(By.css(\"div.row #test0\")), 5000).click();\nawait driver.wait(until.elementLocated(By.xpath(`//*[text()='${projectName[0]}']`)), 5000).click();\nawait driver.findElement(By.css(\"div.container>a:nth-of-type(2)\")).click();\nawait driver.wait(until.elementLocated(By.xpath(`//span[text()='${persons[0]}']//following-sibling::span`)), 5000).click();\nawait driver.wait(until.elementLocated(By.xpath(`//span[text()='${persons[3]}']//following-sibling::span`)), 5000).click();\nawait driver.findElement(By.css(\"form div.pb-3:nth-of-type(2) div>svg\")).click();\nawait driver.wait(until.elementLocated(By.css(\"input[type='text']\")), 1000).clear();\nawait driver.findElement(By.css(\"input[type='text']\")).sendKeys(`${projectName[1]}`);\nawait driver.findElement(By.css(\"button[type='submit']\")).click();",
              "err": {},
              "uuid": "74abc754-8b44-46b1-833c-adc4526afd8d",
              "parentUUID": "55e3f301-6155-49a9-8ac4-c67678e9ade7",
              "isHook": false,
              "skipped": false
            }
          ],
          "suites": [],
          "passes": [
            "fa61c160-ca6c-4049-ad8b-10ac74b1812b",
            "cabdcd48-0a30-4f3a-8a96-236a5e4e0e2e",
            "137c0a15-2fdb-40fe-b05c-3936b8a4e682",
            "d0fa1fed-95a3-46dc-b388-f78423e08020",
            "25406dd7-2e8d-4127-863d-8b88140043d9",
            "e6be8aae-eac4-4229-92f4-88b1c98bed4e",
            "b4daa496-42d9-44ab-a8a2-9b9a26b09fca",
            "74abc754-8b44-46b1-833c-adc4526afd8d"
          ],
          "failures": [],
          "pending": [],
          "skipped": [],
          "duration": 13219,
          "root": false,
          "rootEmpty": false,
          "_timeout": 2000
        }
      ],
      "passes": [],
      "failures": [],
      "pending": [],
      "skipped": [],
      "duration": 0,
      "root": true,
      "rootEmpty": true,
      "_timeout": 2000
    }
  ],
  "meta": {
    "mocha": {
      "version": "8.2.1"
    },
    "mochawesome": {
      "options": {
        "quiet": false,
        "reportFilename": "mochawesome",
        "saveHtml": true,
        "saveJson": true,
        "consoleReporter": "spec",
        "useInlineDiffs": false,
        "code": true
      },
      "version": "6.2.1"
    },
    "marge": {
      "options": null,
      "version": "5.1.0"
    }
  }
}